# JRE version: Java(TM) SE Runtime Environment (8.0_211-b12) (build 1.8.0_211-b12)
# Java VM: Java HotSpot(TM) 64-Bit Server VM (25.211-b12 mixed mode windows-amd64 compressed oops)
Heap:
 PSYoungGen      total 42496K, used 12878K [0x00000000d5f80000, 0x00000000d9600000, 0x0000000100000000)
  eden space 31744K, 39% used [0x00000000d5f80000,0x00000000d6bc2978,0x00000000d7e80000)
  from space 10752K, 3% used [0x00000000d8a00000,0x00000000d8a51128,0x00000000d9480000)
  to   space 11776K, 0% used [0x00000000d7e80000,0x00000000d7e80000,0x00000000d8a00000)
 ParOldGen       total 46080K, used 7475K [0x0000000081e00000, 0x0000000084b00000, 0x00000000d5f80000)
  object space 46080K, 16% used [0x0000000081e00000,0x000000008254cfc0,0x0000000084b00000)
 Metaspace       used 21594K, capacity 22444K, committed 22704K, reserved 1069056K
  class space    used 2567K, capacity 2782K, committed 2816K, reserved 1048576K
GC Heap History (10 events):
Event: 41.158 GC heap before
{Heap before GC invocations=3 (full 0):
 PSYoungGen      total 38400K, used 38384K [0x00000000d5f80000, 0x00000000d8a00000, 0x0000000100000000)
  eden space 33280K, 100% used [0x00000000d5f80000,0x00000000d8000000,0x00000000d8000000)
  from space 5120K, 99% used [0x00000000d8500000,0x00000000d89fc2a0,0x00000000d8a00000)
  to   space 5120K, 0% used [0x00000000d8000000,0x00000000d8000000,0x00000000d8500000)
 ParOldGen       total 87552K, used 7317K [0x0000000081e00000, 0x0000000087380000, 0x00000000d5f80000)
  object space 87552K, 8% used [0x0000000081e00000,0x0000000082525440,0x0000000087380000)
 Metaspace       used 20176K, capacity 21032K, committed 21120K, reserved 1067008K
  class space    used 2444K, capacity 2684K, committed 2688K, reserved 1048576K
Event: 41.162 GC heap after
Heap after GC invocations=3 (full 0):
 PSYoungGen      total 38400K, used 5106K [0x00000000d5f80000, 0x00000000d8a00000, 0x0000000100000000)
  eden space 33280K, 0% used [0x00000000d5f80000,0x00000000d5f80000,0x00000000d8000000)
  from space 5120K, 99% used [0x00000000d8000000,0x00000000d84fc918,0x00000000d8500000)
  to   space 5120K, 0% used [0x00000000d8500000,0x00000000d8500000,0x00000000d8a00000)
 ParOldGen       total 87552K, used 9045K [0x0000000081e00000, 0x0000000087380000, 0x00000000d5f80000)
  object space 87552K, 10% used [0x0000000081e00000,0x00000000826d56c8,0x0000000087380000)
 Metaspace       used 20176K, capacity 21032K, committed 21120K, reserved 1067008K
  class space    used 2444K, capacity 2684K, committed 2688K, reserved 1048576K
}
Event: 82.489 GC heap before
{Heap before GC invocations=4 (full 0):
 PSYoungGen      total 38400K, used 38386K [0x00000000d5f80000, 0x00000000d8a00000, 0x0000000100000000)
  eden space 33280K, 100% used [0x00000000d5f80000,0x00000000d8000000,0x00000000d8000000)
  from space 5120K, 99% used [0x00000000d8000000,0x00000000d84fc918,0x00000000d8500000)
  to   space 5120K, 0% used [0x00000000d8500000,0x00000000d8500000,0x00000000d8a00000)
 ParOldGen       total 87552K, used 9045K [0x0000000081e00000, 0x0000000087380000, 0x00000000d5f80000)
  object space 87552K, 10% used [0x0000000081e00000,0x00000000826d56c8,0x0000000087380000)
 Metaspace       used 20289K, capacity 21180K, committed 21296K, reserved 1069056K
  class space    used 2446K, capacity 2686K, committed 2688K, reserved 1048576K
Event: 82.495 GC heap after
Heap after GC invocations=4 (full 0):
 PSYoungGen      total 38400K, used 5090K [0x00000000d5f80000, 0x00000000d8a00000, 0x0000000100000000)
  eden space 33280K, 0% used [0x00000000d5f80000,0x00000000d5f80000,0x00000000d8000000)
  from space 5120K, 99% used [0x00000000d8500000,0x00000000d89f8928,0x00000000d8a00000)
  to   space 5120K, 0% used [0x00000000d8000000,0x00000000d8000000,0x00000000d8500000)
 ParOldGen       total 87552K, used 9061K [0x0000000081e00000, 0x0000000087380000, 0x00000000d5f80000)
  object space 87552K, 10% used [0x0000000081e00000,0x00000000826d96c8,0x0000000087380000)
 Metaspace       used 20289K, capacity 21180K, committed 21296K, reserved 1069056K
  class space    used 2446K, capacity 2686K, committed 2688K, reserved 1048576K
}
Event: 116.228 GC heap before
{Heap before GC invocations=5 (full 0):
 PSYoungGen      total 38400K, used 37750K [0x00000000d5f80000, 0x00000000d8a00000, 0x0000000100000000)
  eden space 33280K, 98% used [0x00000000d5f80000,0x00000000d7f651f8,0x00000000d8000000)
  from space 5120K, 99% used [0x00000000d8500000,0x00000000d89f8928,0x00000000d8a00000)
  to   space 5120K, 0% used [0x00000000d8000000,0x00000000d8000000,0x00000000d8500000)
 ParOldGen       total 87552K, used 9061K [0x0000000081e00000, 0x0000000087380000, 0x00000000d5f80000)
  object space 87552K, 10% used [0x0000000081e00000,0x00000000826d96c8,0x0000000087380000)
 Metaspace       used 20371K, capacity 21252K, committed 21296K, reserved 1069056K
  class space    used 2449K, capacity 2686K, committed 2688K, reserved 1048576K
Event: 116.231 GC heap after
Heap after GC invocations=5 (full 0):
 PSYoungGen      total 37888K, used 5090K [0x00000000d5f80000, 0x00000000d9480000, 0x0000000100000000)
  eden space 32768K, 0% used [0x00000000d5f80000,0x00000000d5f80000,0x00000000d7f80000)
  from space 5120K, 99% used [0x00000000d8000000,0x00000000d84f8908,0x00000000d8500000)
  to   space 10752K, 0% used [0x00000000d8a00000,0x00000000d8a00000,0x00000000d9480000)
 ParOldGen       total 87552K, used 9098K [0x0000000081e00000, 0x0000000087380000, 0x00000000d5f80000)
  object space 87552K, 10% used [0x0000000081e00000,0x00000000826e2958,0x0000000087380000)
 Metaspace       used 20371K, capacity 21252K, committed 21296K, reserved 1069056K
  class space    used 2449K, capacity 2686K, committed 2688K, reserved 1048576K
}
Event: 116.231 GC heap before
{Heap before GC invocations=6 (full 1):
 PSYoungGen      total 37888K, used 5090K [0x00000000d5f80000, 0x00000000d9480000, 0x0000000100000000)
  eden space 32768K, 0% used [0x00000000d5f80000,0x00000000d5f80000,0x00000000d7f80000)
  from space 5120K, 99% used [0x00000000d8000000,0x00000000d84f8908,0x00000000d8500000)
  to   space 10752K, 0% used [0x00000000d8a00000,0x00000000d8a00000,0x00000000d9480000)
 ParOldGen       total 87552K, used 9098K [0x0000000081e00000, 0x0000000087380000, 0x00000000d5f80000)
  object space 87552K, 10% used [0x0000000081e00000,0x00000000826e2958,0x0000000087380000)
 Metaspace       used 20371K, capacity 21252K, committed 21296K, reserved 1069056K
  class space    used 2449K, capacity 2686K, committed 2688K, reserved 1048576K
Event: 116.251 GC heap after
Heap after GC invocations=6 (full 1):
 PSYoungGen      total 37888K, used 0K [0x00000000d5f80000, 0x00000000d9480000, 0x0000000100000000)
  eden space 32768K, 0% used [0x00000000d5f80000,0x00000000d5f80000,0x00000000d7f80000)
  from space 5120K, 0% used [0x00000000d8000000,0x00000000d8000000,0x00000000d8500000)
  to   space 10752K, 0% used [0x00000000d8a00000,0x00000000d8a00000,0x00000000d9480000)
 ParOldGen       total 46080K, used 7467K [0x0000000081e00000, 0x0000000084b00000, 0x00000000d5f80000)
  object space 46080K, 16% used [0x0000000081e00000,0x000000008254afc0,0x0000000084b00000)
 Metaspace       used 20359K, capacity 21218K, committed 21296K, reserved 1069056K
  class space    used 2444K, capacity 2679K, committed 2688K, reserved 1048576K
}
Event: 135.881 GC heap before
{Heap before GC invocations=7 (full 1):
 PSYoungGen      total 37888K, used 32768K [0x00000000d5f80000, 0x00000000d9480000, 0x0000000100000000)
  eden space 32768K, 100% used [0x00000000d5f80000,0x00000000d7f80000,0x00000000d7f80000)
  from space 5120K, 0% used [0x00000000d8000000,0x00000000d8000000,0x00000000d8500000)
  to   space 10752K, 0% used [0x00000000d8a00000,0x00000000d8a00000,0x00000000d9480000)
 ParOldGen       total 46080K, used 7467K [0x0000000081e00000, 0x0000000084b00000, 0x00000000d5f80000)
  object space 46080K, 16% used [0x0000000081e00000,0x000000008254afc0,0x0000000084b00000)
 Metaspace       used 20519K, capacity 21380K, committed 21552K, reserved 1069056K
  class space    used 2457K, capacity 2684K, committed 2688K, reserved 1048576K
Event: 135.883 GC heap after
Heap after GC invocations=7 (full 1):
 PSYoungGen      total 42496K, used 324K [0x00000000d5f80000, 0x00000000d9600000, 0x0000000100000000)
  eden space 31744K, 0% used [0x00000000d5f80000,0x00000000d5f80000,0x00000000d7e80000)
  from space 10752K, 3% used [0x00000000d8a00000,0x00000000d8a51128,0x00000000d9480000)
  to   space 11776K, 0% used [0x00000000d7e80000,0x00000000d7e80000,0x00000000d8a00000)
 ParOldGen       total 46080K, used 7475K [0x0000000081e00000, 0x0000000084b00000, 0x00000000d5f80000)
  object space 46080K, 16% used [0x0000000081e00000,0x000000008254cfc0,0x0000000084b00000)
 Metaspace       used 20519K, capacity 21380K, committed 21552K, reserved 1069056K
  class space    used 2457K, capacity 2684K, committed 2688K, reserved 1048576K
}

