# JRE version: Java(TM) SE Runtime Environment (8.0_211-b12) (build 1.8.0_211-b12)
# Java VM: Java HotSpot(TM) 64-Bit Server VM (25.211-b12 mixed mode windows-amd64 compressed oops)
Heap:
 PSYoungGen      total 44544K, used 2708K [0x00000000d5f80000, 0x00000000d9800000, 0x0000000100000000)
  eden space 32256K, 7% used [0x00000000d5f80000,0x00000000d61b7960,0x00000000d7f00000)
  from space 12288K, 3% used [0x00000000d8b80000,0x00000000d8bed9d8,0x00000000d9780000)
  to   space 12800K, 0% used [0x00000000d7f00000,0x00000000d7f00000,0x00000000d8b80000)
 ParOldGen       total 46592K, used 7489K [0x0000000081e00000, 0x0000000084b80000, 0x00000000d5f80000)
  object space 46592K, 16% used [0x0000000081e00000,0x0000000082550548,0x0000000084b80000)
 Metaspace       used 21642K, capacity 22515K, committed 22704K, reserved 1069056K
  class space    used 2587K, capacity 2802K, committed 2816K, reserved 1048576K
GC Heap History (10 events):
Event: 42.040 GC heap before
{Heap before GC invocations=3 (full 0):
 PSYoungGen      total 38400K, used 38384K [0x00000000d5f80000, 0x00000000d8a00000, 0x0000000100000000)
  eden space 33280K, 100% used [0x00000000d5f80000,0x00000000d8000000,0x00000000d8000000)
  from space 5120K, 99% used [0x00000000d8500000,0x00000000d89fc2a0,0x00000000d8a00000)
  to   space 5120K, 0% used [0x00000000d8000000,0x00000000d8000000,0x00000000d8500000)
 ParOldGen       total 87552K, used 7260K [0x0000000081e00000, 0x0000000087380000, 0x00000000d5f80000)
  object space 87552K, 8% used [0x0000000081e00000,0x0000000082517270,0x0000000087380000)
 Metaspace       used 20168K, capacity 21036K, committed 21120K, reserved 1067008K
  class space    used 2444K, capacity 2684K, committed 2688K, reserved 1048576K
Event: 42.044 GC heap after
Heap after GC invocations=3 (full 0):
 PSYoungGen      total 38400K, used 5090K [0x00000000d5f80000, 0x00000000d8a00000, 0x0000000100000000)
  eden space 33280K, 0% used [0x00000000d5f80000,0x00000000d5f80000,0x00000000d8000000)
  from space 5120K, 99% used [0x00000000d8000000,0x00000000d84f8928,0x00000000d8500000)
  to   space 5120K, 0% used [0x00000000d8500000,0x00000000d8500000,0x00000000d8a00000)
 ParOldGen       total 87552K, used 9021K [0x0000000081e00000, 0x0000000087380000, 0x00000000d5f80000)
  object space 87552K, 10% used [0x0000000081e00000,0x00000000826cf430,0x0000000087380000)
 Metaspace       used 20168K, capacity 21036K, committed 21120K, reserved 1067008K
  class space    used 2444K, capacity 2684K, committed 2688K, reserved 1048576K
}
Event: 68.983 GC heap before
{Heap before GC invocations=4 (full 0):
 PSYoungGen      total 38400K, used 28264K [0x00000000d5f80000, 0x00000000d8a00000, 0x0000000100000000)
  eden space 33280K, 69% used [0x00000000d5f80000,0x00000000d7621790,0x00000000d8000000)
  from space 5120K, 99% used [0x00000000d8000000,0x00000000d84f8928,0x00000000d8500000)
  to   space 5120K, 0% used [0x00000000d8500000,0x00000000d8500000,0x00000000d8a00000)
 ParOldGen       total 87552K, used 9021K [0x0000000081e00000, 0x0000000087380000, 0x00000000d5f80000)
  object space 87552K, 10% used [0x0000000081e00000,0x00000000826cf430,0x0000000087380000)
 Metaspace       used 20280K, capacity 21193K, committed 21296K, reserved 1069056K
  class space    used 2448K, capacity 2688K, committed 2688K, reserved 1048576K
Event: 68.986 GC heap after
Heap after GC invocations=4 (full 0):
 PSYoungGen      total 38400K, used 5106K [0x00000000d5f80000, 0x00000000d8a00000, 0x0000000100000000)
  eden space 33280K, 0% used [0x00000000d5f80000,0x00000000d5f80000,0x00000000d8000000)
  from space 5120K, 99% used [0x00000000d8500000,0x00000000d89fc918,0x00000000d8a00000)
  to   space 5120K, 0% used [0x00000000d8000000,0x00000000d8000000,0x00000000d8500000)
 ParOldGen       total 87552K, used 9029K [0x0000000081e00000, 0x0000000087380000, 0x00000000d5f80000)
  object space 87552K, 10% used [0x0000000081e00000,0x00000000826d1430,0x0000000087380000)
 Metaspace       used 20280K, capacity 21193K, committed 21296K, reserved 1069056K
  class space    used 2448K, capacity 2688K, committed 2688K, reserved 1048576K
}
Event: 68.986 GC heap before
{Heap before GC invocations=5 (full 1):
 PSYoungGen      total 38400K, used 5106K [0x00000000d5f80000, 0x00000000d8a00000, 0x0000000100000000)
  eden space 33280K, 0% used [0x00000000d5f80000,0x00000000d5f80000,0x00000000d8000000)
  from space 5120K, 99% used [0x00000000d8500000,0x00000000d89fc918,0x00000000d8a00000)
  to   space 5120K, 0% used [0x00000000d8000000,0x00000000d8000000,0x00000000d8500000)
 ParOldGen       total 87552K, used 9029K [0x0000000081e00000, 0x0000000087380000, 0x00000000d5f80000)
  object space 87552K, 10% used [0x0000000081e00000,0x00000000826d1430,0x0000000087380000)
 Metaspace       used 20280K, capacity 21193K, committed 21296K, reserved 1069056K
  class space    used 2448K, capacity 2688K, committed 2688K, reserved 1048576K
Event: 69.006 GC heap after
Heap after GC invocations=5 (full 1):
 PSYoungGen      total 38400K, used 0K [0x00000000d5f80000, 0x00000000d8a00000, 0x0000000100000000)
  eden space 33280K, 0% used [0x00000000d5f80000,0x00000000d5f80000,0x00000000d8000000)
  from space 5120K, 0% used [0x00000000d8500000,0x00000000d8500000,0x00000000d8a00000)
  to   space 5120K, 0% used [0x00000000d8000000,0x00000000d8000000,0x00000000d8500000)
 ParOldGen       total 46592K, used 7473K [0x0000000081e00000, 0x0000000084b80000, 0x00000000d5f80000)
  object space 46592K, 16% used [0x0000000081e00000,0x000000008254c548,0x0000000084b80000)
 Metaspace       used 20267K, capacity 21155K, committed 21296K, reserved 1069056K
  class space    used 2443K, capacity 2681K, committed 2688K, reserved 1048576K
}
Event: 84.317 GC heap before
{Heap before GC invocations=6 (full 1):
 PSYoungGen      total 38400K, used 33280K [0x00000000d5f80000, 0x00000000d8a00000, 0x0000000100000000)
  eden space 33280K, 100% used [0x00000000d5f80000,0x00000000d8000000,0x00000000d8000000)
  from space 5120K, 0% used [0x00000000d8500000,0x00000000d8500000,0x00000000d8a00000)
  to   space 5120K, 0% used [0x00000000d8000000,0x00000000d8000000,0x00000000d8500000)
 ParOldGen       total 46592K, used 7473K [0x0000000081e00000, 0x0000000084b80000, 0x00000000d5f80000)
  object space 46592K, 16% used [0x0000000081e00000,0x000000008254c548,0x0000000084b80000)
 Metaspace       used 20375K, capacity 21219K, committed 21424K, reserved 1069056K
  class space    used 2471K, capacity 2700K, committed 2816K, reserved 1048576K
Event: 84.319 GC heap after
Heap after GC invocations=6 (full 1):
 PSYoungGen      total 37888K, used 288K [0x00000000d5f80000, 0x00000000d9780000, 0x0000000100000000)
  eden space 32768K, 0% used [0x00000000d5f80000,0x00000000d5f80000,0x00000000d7f80000)
  from space 5120K, 5% used [0x00000000d8000000,0x00000000d8048000,0x00000000d8500000)
  to   space 12288K, 0% used [0x00000000d8b80000,0x00000000d8b80000,0x00000000d9780000)
 ParOldGen       total 46592K, used 7481K [0x0000000081e00000, 0x0000000084b80000, 0x00000000d5f80000)
  object space 46592K, 16% used [0x0000000081e00000,0x000000008254e548,0x0000000084b80000)
 Metaspace       used 20375K, capacity 21219K, committed 21424K, reserved 1069056K
  class space    used 2471K, capacity 2700K, committed 2816K, reserved 1048576K
}
Event: 116.579 GC heap before
{Heap before GC invocations=7 (full 1):
 PSYoungGen      total 37888K, used 33056K [0x00000000d5f80000, 0x00000000d9780000, 0x0000000100000000)
  eden space 32768K, 100% used [0x00000000d5f80000,0x00000000d7f80000,0x00000000d7f80000)
  from space 5120K, 5% used [0x00000000d8000000,0x00000000d8048000,0x00000000d8500000)
  to   space 12288K, 0% used [0x00000000d8b80000,0x00000000d8b80000,0x00000000d9780000)
 ParOldGen       total 46592K, used 7481K [0x0000000081e00000, 0x0000000084b80000, 0x00000000d5f80000)
  object space 46592K, 16% used [0x0000000081e00000,0x000000008254e548,0x0000000084b80000)
 Metaspace       used 20599K, capacity 21519K, committed 21680K, reserved 1069056K
  class space    used 2479K, capacity 2704K, committed 2816K, reserved 1048576K
Event: 116.581 GC heap after
Heap after GC invocations=7 (full 1):
 PSYoungGen      total 44544K, used 438K [0x00000000d5f80000, 0x00000000d9800000, 0x0000000100000000)
  eden space 32256K, 0% used [0x00000000d5f80000,0x00000000d5f80000,0x00000000d7f00000)
  from space 12288K, 3% used [0x00000000d8b80000,0x00000000d8bed9d8,0x00000000d9780000)
  to   space 12800K, 0% used [0x00000000d7f00000,0x00000000d7f00000,0x00000000d8b80000)
 ParOldGen       total 46592K, used 7489K [0x0000000081e00000, 0x0000000084b80000, 0x00000000d5f80000)
  object space 46592K, 16% used [0x0000000081e00000,0x0000000082550548,0x0000000084b80000)
 Metaspace       used 20599K, capacity 21519K, committed 21680K, reserved 1069056K
  class space    used 2479K, capacity 2704K, committed 2816K, reserved 1048576K
}

